<?xml version="1.0" encoding="UTF-8"?>
<!-- Generated by org.testng.reporters.JUnitXMLReporter -->
<testsuite hostname="DESKTOP-FBD16EE" ignored="0" name="Test" tests="1" failures="1" timestamp="2020-04-29T12:02:16 IST" time="3.932" errors="0">
  <testcase name="feature" time="0.79" classname="cucumber.api.testng.AbstractTestNGCucumberTests">
    <failure type="cucumber.runtime.CucumberException" message="cucumber.runtime.CucumberException: When a hook declares an argument it must be of type cucumber.api.Scenario. public void com.step.definision.Hooks.launcher(java.lang.String)">
      <![CDATA[cucumber.runtime.CucumberException: cucumber.runtime.CucumberException: When a hook declares an argument it must be of type cucumber.api.Scenario. public void com.step.definision.Hooks.launcher(java.lang.String)
at cucumber.api.testng.TestNGCucumberRunner.runCucumber(TestNGCucumberRunner.java:69)
at cucumber.api.testng.AbstractTestNGCucumberTests.feature(AbstractTestNGCucumberTests.java:21)
at java.util.ArrayList.forEach(ArrayList.java:1257)
Caused by: cucumber.runtime.CucumberException: When a hook declares an argument it must be of type cucumber.api.Scenario. public void com.step.definision.Hooks.launcher(java.lang.String)
at cucumber.runtime.java.JavaHookDefinition.execute(JavaHookDefinition.java:52)
at cucumber.runtime.Runtime.runHookIfTagsMatch(Runtime.java:224)
at cucumber.runtime.Runtime.runHooks(Runtime.java:212)
at cucumber.runtime.Runtime.runBeforeHooks(Runtime.java:202)
at cucumber.runtime.model.CucumberScenario.run(CucumberScenario.java:40)
at cucumber.runtime.model.CucumberFeature.run(CucumberFeature.java:165)
at cucumber.api.testng.TestNGCucumberRunner.runCucumber(TestNGCucumberRunner.java:63)
... 33 more
... Removed 31 stack frames]]>
    </failure>
  </testcase> <!-- feature -->
</testsuite> <!-- Test -->
