<?xml version="1.0" encoding="UTF-8"?>
<testng-results skipped="0" failed="0" ignored="0" total="1" passed="1">
  <reporter-output>
  </reporter-output>
  <suite name="Suite" duration-ms="92515" started-at="2020-04-10T16:38:27 IST" finished-at="2020-04-10T16:39:59 IST">
    <groups>
      <group name="cucumber">
        <method signature="AbstractTestNGCucumberTests.feature(cucumber.api.testng.CucumberFeatureWrapper)[pri:0, instance:com.test.runner.RunnerTest@6fc6f14e]" name="feature" class="cucumber.api.testng.AbstractTestNGCucumberTests"/>
      </group> <!-- cucumber -->
    </groups>
    <test name="Test" duration-ms="92515" started-at="2020-04-10T16:38:27 IST" finished-at="2020-04-10T16:39:59 IST">
      <class name="com.test.runner.RunnerTest">
        <test-method status="PASS" signature="setUpClass()[pri:0, instance:com.test.runner.RunnerTest@6fc6f14e]" name="setUpClass" is-config="true" duration-ms="980" started-at="2020-04-10T16:38:27 IST" finished-at="2020-04-10T16:38:28 IST">
          <reporter-output>
          </reporter-output>
        </test-method> <!-- setUpClass -->
        <test-method status="PASS" signature="feature(cucumber.api.testng.CucumberFeatureWrapper)[pri:0, instance:com.test.runner.RunnerTest@6fc6f14e]" name="feature" duration-ms="88291" started-at="2020-04-10T16:38:28 IST" description="Runs Cucumber Feature" data-provider="features" finished-at="2020-04-10T16:39:56 IST">
          <params>
            <param index="0">
              <value>
                <![CDATA[Verify the title logo]]>
              </value>
            </param>
          </params>
          <reporter-output>
          </reporter-output>
        </test-method> <!-- feature -->
        <test-method status="PASS" signature="tearDownClass()[pri:0, instance:com.test.runner.RunnerTest@6fc6f14e]" name="tearDownClass" is-config="true" duration-ms="2867" started-at="2020-04-10T16:39:56 IST" finished-at="2020-04-10T16:39:59 IST">
          <reporter-output>
          </reporter-output>
        </test-method> <!-- tearDownClass -->
      </class> <!-- com.test.runner.RunnerTest -->
    </test> <!-- Test -->
  </suite> <!-- Suite -->
</testng-results>
